<?xml version="1.0" encoding="UTF-8"?>
<!-- Generated by org.testng.reporters.JUnitReportReporter -->
<testsuite hostname="Gajaa" failures="0" tests="1" name="Script.DataBase_Connection" time="1.057" errors="0" timestamp="2023-02-06T20:58:57 IST" skipped="0">
  <testcase classname="Script.DataBase_Connection" name="script" time="1.057"/>
  <system-out/>
</testsuite> <!-- Script.DataBase_Connection -->
